<?xml version="1.0" encoding="UTF-8"?>
<testng-results ignored="0" total="1" passed="1" failed="0" skipped="0">
  <reporter-output>
  </reporter-output>
  <suite started-at="2023-04-01T16:03:26 CDT" name="Default suite" finished-at="2023-04-01T16:03:29 CDT" duration-ms="2313">
    <groups>
    </groups>
    <test started-at="2023-04-01T16:03:26 CDT" name="Default test" finished-at="2023-04-01T16:03:29 CDT" duration-ms="2313">
      <class name="Test05_DELETE">
        <test-method signature="testcase5()[pri:0, instance:Test05_DELETE@6193932a]" started-at="2023-04-01T16:03:26 CDT" name="testcase5" finished-at="2023-04-01T16:03:29 CDT" duration-ms="2283" status="PASS">
          <reporter-output>
          </reporter-output>
        </test-method> <!-- testcase5 -->
      </class> <!-- Test05_DELETE -->
    </test> <!-- Default test -->
  </suite> <!-- Default suite -->
</testng-results>
